c:\users\dexter kwok\desktop\minecraft project comp371\build\debug\vc120.pdb
c:\users\dexter kwok\desktop\minecraft project comp371\build\debug\vc120.idb
c:\users\dexter kwok\desktop\minecraft project comp371\build\debug\camera.obj
c:\users\dexter kwok\desktop\minecraft project comp371\build\debug\character.obj
c:\users\dexter kwok\desktop\minecraft project comp371\build\debug\cube.obj
c:\users\dexter kwok\desktop\minecraft project comp371\build\debug\cursor.obj
c:\users\dexter kwok\desktop\minecraft project comp371\build\debug\main.obj
c:\users\dexter kwok\desktop\minecraft project comp371\build\debug\scene.obj
c:\users\dexter kwok\desktop\minecraft project comp371\bin\hw_template-debug.ilk
c:\users\dexter kwok\desktop\minecraft project comp371\bin\hw_template-debug.exe
c:\users\dexter kwok\desktop\minecraft project comp371\bin\hw_template-debug.pdb
c:\users\dexter kwok\desktop\minecraft project comp371\vs2013\/../bin/.\hw_template-debug.pdb
c:\users\dexter kwok\desktop\minecraft project comp371\vs2013\/../bin/.\hw_template-debug.exe
c:\users\dexter kwok\desktop\minecraft project comp371\vs2013\/../bin/.\hw_template-debug.ilk
c:\users\dexter kwok\desktop\minecraft project comp371\build\debug\hw_template.tlog\cl.command.1.tlog
c:\users\dexter kwok\desktop\minecraft project comp371\build\debug\hw_template.tlog\cl.read.1.tlog
c:\users\dexter kwok\desktop\minecraft project comp371\build\debug\hw_template.tlog\cl.write.1.tlog
c:\users\dexter kwok\desktop\minecraft project comp371\build\debug\hw_template.tlog\link.command.1.tlog
c:\users\dexter kwok\desktop\minecraft project comp371\build\debug\hw_template.tlog\link.read.1.tlog
c:\users\dexter kwok\desktop\minecraft project comp371\build\debug\hw_template.tlog\link.write.1.tlog
