Build started 26/03/2016 4:53:37 PM.
     1>Project "C:\Users\Dexter Kwok\Desktop\Minecraft Project COMP371\VS2013\HW_Template.vcxproj" on node 2 (Build target(s)).
     1>G:\Program Files (x86)\MSBuild\Microsoft.Cpp\v4.0\V120\Microsoft.CppBuild.targets(364,5): warning MSB8004: Output Directory does not end with a trailing slash.  This build instance will add the slash as it is required to allow proper evaluation of the Output Directory.
     1>ClCompile:
         G:\Program Files (x86)\Microsoft Visual Studio 12.0\VC\bin\CL.exe /c /I../ThirdParty/SOIL /I../ThirdParty/glew /I../ThirdParty/glm /I../ThirdParty/glfw /I../ThirdParty/cimg /ZI /nologo /W3 /WX- /sdl /Od /Oy- /D _MBCS /Gm /EHsc /RTC1 /MDd /GS /fp:precise /Zc:wchar_t /Zc:forScope /Fo"C:\Users\Dexter Kwok\Desktop\Minecraft Project COMP371\VS2013\/../Build/Debug/" /Fd"C:\Users\Dexter Kwok\Desktop\Minecraft Project COMP371\VS2013\/../Build/Debug/vc120.pdb" /Gd /TP /analyze- /errorReport:prompt ..\Source\main.cpp
         main.cpp
     1>c:\users\dexter kwok\desktop\minecraft project comp371\source\main.cpp(346): warning C4018: '<' : signed/unsigned mismatch
     1>c:\users\dexter kwok\desktop\minecraft project comp371\source\main.cpp(347): warning C4018: '<' : signed/unsigned mismatch
     1>c:\users\dexter kwok\desktop\minecraft project comp371\source\main.cpp(353): warning C4018: '<' : signed/unsigned mismatch
     1>c:\users\dexter kwok\desktop\minecraft project comp371\source\main.cpp(650): warning C4244: 'argument' : conversion from 'time_t' to 'unsigned int', possible loss of data
     1>c:\users\dexter kwok\desktop\minecraft project comp371\source\main.cpp(661): warning C4244: 'initializing' : conversion from 'int' to 'float', possible loss of data
     1>c:\users\dexter kwok\desktop\minecraft project comp371\source\main.cpp(662): warning C4244: 'initializing' : conversion from 'int' to 'float', possible loss of data
     1>c:\users\dexter kwok\desktop\minecraft project comp371\source\main.cpp(663): warning C4244: 'initializing' : conversion from 'int' to 'float', possible loss of data
     1>c:\users\dexter kwok\desktop\minecraft project comp371\source\main.cpp(668): warning C4244: '=' : conversion from 'int' to 'float', possible loss of data
     1>c:\users\dexter kwok\desktop\minecraft project comp371\source\main.cpp(669): warning C4244: '=' : conversion from 'int' to 'float', possible loss of data
     1>c:\users\dexter kwok\desktop\minecraft project comp371\source\main.cpp(670): warning C4244: '=' : conversion from 'int' to 'float', possible loss of data
     1>c:\users\dexter kwok\desktop\minecraft project comp371\source\main.cpp(754): warning C4305: 'argument' : truncation from 'double' to 'float'
     1>c:\users\dexter kwok\desktop\minecraft project comp371\source\main.cpp(927): warning C4244: 'initializing' : conversion from 'double' to 'GLfloat', possible loss of data
     1>c:\users\dexter kwok\desktop\minecraft project comp371\source\main.cpp(928): warning C4244: 'initializing' : conversion from 'double' to 'GLfloat', possible loss of data
     1>c:\users\dexter kwok\desktop\minecraft project comp371\source\main.cpp(929): warning C4244: '=' : conversion from 'double' to 'float', possible loss of data
     1>c:\users\dexter kwok\desktop\minecraft project comp371\source\main.cpp(930): warning C4244: '=' : conversion from 'double' to 'float', possible loss of data
     1>c:\users\dexter kwok\desktop\minecraft project comp371\source\main.cpp(932): warning C4305: 'initializing' : truncation from 'double' to 'GLfloat'
       Link:
         G:\Program Files (x86)\Microsoft Visual Studio 12.0\VC\bin\link.exe /ERRORREPORT:PROMPT /OUT:"C:\Users\Dexter Kwok\Desktop\Minecraft Project COMP371\VS2013\/../Bin/.\HW_Template-Debug.exe" /INCREMENTAL /NOLOGO /LIBPATH:../ThirdParty/glew /LIBPATH:../ThirdParty/glfw/ /LIBPATH:../ThirdParty/SOIL/ SOIL.lib opengl32.lib glew32s.lib glew32.lib glfw3.lib kernel32.lib user32.lib gdi32.lib winspool.lib comdlg32.lib advapi32.lib shell32.lib ole32.lib oleaut32.lib uuid.lib odbc32.lib odbccp32.lib kernel32.lib user32.lib gdi32.lib winspool.lib comdlg32.lib advapi32.lib shell32.lib ole32.lib oleaut32.lib uuid.lib odbc32.lib odbccp32.lib /MANIFEST /MANIFESTUAC:"level='asInvoker' uiAccess='false'" /manifest:embed /DEBUG /PDB:"C:\Users\Dexter Kwok\Desktop\Minecraft Project COMP371\VS2013\/../Bin/.\HW_Template-Debug.pdb" /TLBID:1 /DYNAMICBASE /NXCOMPAT /IMPLIB:"C:\Users\Dexter Kwok\Desktop\Minecraft Project COMP371\VS2013\/../Bin/.\HW_Template-Debug.lib" /MACHINE:X86 "C:\Users\Dexter Kwok\Desktop\Minecraft Project COMP371\VS2013\/../Build/Debug/main.obj"
         HW_Template.vcxproj -> C:\Users\Dexter Kwok\Desktop\Minecraft Project COMP371\VS2013\/../Bin/.\HW_Template-Debug.exe
     1>Done Building Project "C:\Users\Dexter Kwok\Desktop\Minecraft Project COMP371\VS2013\HW_Template.vcxproj" (Build target(s)).

Build succeeded.

Time Elapsed 00:00:00.92
